<?xml version="1.0" encoding="UTF-8"?>
<!-- Generated by org.testng.reporters.JUnitReportReporter -->
<testsuite skipped="0" hostname="MTYTM154931L5" name="tests.LoginTests" tests="2" failures="0" timestamp="26 Nov 2018 17:20:49 GMT" time="45.934" errors="0">
  <testcase name="invalidLoginTest_InvalidUserNameInvalidPassword" time="28.986" classname="tests.LoginTests"/>
  <testcase name="invalidLoginTest_EmptyUserEmptyPassword" time="16.948" classname="tests.LoginTests"/>
</testsuite> <!-- tests.LoginTests -->
